2020-05-19T15:22:39.000+08:00 INFO  a.e.s.Slf4jLogger Slf4jLogger started
2020-05-19T15:22:39.267+08:00 INFO  a.r.a.t.ArteryTcpTransport Remoting started with transport [Artery tcp]; listening on address [akka://simple-dev-1@127.0.1.1:32889] with UID [-8288788635364650895]
2020-05-19T15:22:39.283+08:00 INFO  a.c.Cluster Cluster Node [akka://simple-dev-1@127.0.1.1:32889] - Starting up, Akka version [2.6.5] ...
2020-05-19T15:22:39.334+08:00 INFO  a.c.Cluster Cluster Node [akka://simple-dev-1@127.0.1.1:32889] - Registered cluster JMX MBean [akka:type=Cluster]
2020-05-19T15:22:39.335+08:00 INFO  a.c.Cluster Cluster Node [akka://simple-dev-1@127.0.1.1:32889] - Started up successfully
2020-05-19T15:22:39.360+08:00 INFO  a.c.Cluster Cluster Node [akka://simple-dev-1@127.0.1.1:32889] - No downing-provider-class configured, manual cluster downing required, see https://doc.akka.io/docs/akka/current/typed/cluster.html#downing
2020-05-19T15:22:39.360+08:00 INFO  a.c.Cluster Cluster Node [akka://simple-dev-1@127.0.1.1:32889] - No seed-nodes configured, manual cluster join required, see https://doc.akka.io/docs/akka/current/typed/cluster.html#joining
2020-05-19T15:22:39.892+08:00 INFO  c.z.a.b.c.AppConfigExtension app config:
{
  "app" : {
    "timezone" : "Asia/Shanghai"
  },
  "auth" : {
    "stateless" : {
      "jwt" : {
        "secret" : "26uKTlqR8BKpjdJ35DmuN+1q5cA28ep2xKLjR9n2QhI=",
        "tsec" : {
          "expiryDuration" : "30 days",
          "headerName" : "X-TSec-JWT",
          "maxIdle" : "1 day"
        }
      }
    }
  },
  "database" : {
    "main" : {
      "connectionTimeout" : 500,
      "dataSourceClass" : "org.postgresql.ds.PGSimpleDataSource",
      "maximumPoolSize" : 8,
      "numThreads" : 8,
      "properties" : {
        "databaseName" : "simple",
        "password" : "aszx",
        "portNumber" : 5432,
        "serverName" : "adx66",
        "user" : "root"
      }
    },
    "report" : {
      "connectionTimeout" : 500,
      "dataSourceClass" : "org.postgresql.ds.PGSimpleDataSource",
      "maximumPoolSize" : 8,
      "numThreads" : 8,
      "properties" : {
        "databaseName" : "simple_report",
        "password" : "aszx",
        "portNumber" : 5432,
        "serverName" : "adx66",
        "user" : "root"
      }
    }
  },
  "http" : {
    "akka" : {
      "host" : "0.0.0.0",
      "port" : 10002
    },
    "main" : {
      "host" : "0.0.0.0",
      "port" : 10000
    }
  }
}
2020-05-19T15:22:40.178+08:00 INFO  c.z.h.HikariDataSource HikariPool-1 - Starting...
2020-05-19T15:22:40.260+08:00 ERROR c.z.h.p.HikariPool HikariPool-1 - Exception during pool initialization.
org.postgresql.util.PSQLException: 尝试连线已失败。
	at org.postgresql.core.v3.ConnectionFactoryImpl.openConnectionImpl(ConnectionFactoryImpl.java:292)
	at org.postgresql.core.ConnectionFactory.openConnection(ConnectionFactory.java:49)
	at org.postgresql.jdbc.PgConnection.<init>(PgConnection.java:211)
	at org.postgresql.Driver.makeConnection(Driver.java:458)
	at org.postgresql.Driver.connect(Driver.java:260)
	at com.zaxxer.hikari.util.DriverDataSource.getConnection(DriverDataSource.java:138)
	at com.zaxxer.hikari.pool.PoolBase.newConnection(PoolBase.java:353)
	at com.zaxxer.hikari.pool.PoolBase.newPoolEntry(PoolBase.java:201)
	at com.zaxxer.hikari.pool.HikariPool.createPoolEntry(HikariPool.java:473)
	at com.zaxxer.hikari.pool.HikariPool.checkFailFast(HikariPool.java:562)
	at com.zaxxer.hikari.pool.HikariPool.<init>(HikariPool.java:115)
	at com.zaxxer.hikari.HikariDataSource.<init>(HikariDataSource.java:81)
	at doobie.hikari.HikariTransactor$.$anonfun$fromHikariConfig$1(HikariTransactor.scala:44)
	at cats.effect.internals.IORunLoop$.cats$effect$internals$IORunLoop$$loop(IORunLoop.scala:87)
	at cats.effect.internals.IORunLoop$.start(IORunLoop.scala:34)
	at cats.effect.internals.IOBracket$.$anonfun$apply$1(IOBracket.scala:42)
	at cats.effect.internals.IOBracket$.$anonfun$apply$1$adapted(IOBracket.scala:32)
	at cats.effect.internals.IORunLoop$RestartCallback.start(IORunLoop.scala:345)
	at cats.effect.internals.IORunLoop$.cats$effect$internals$IORunLoop$$loop(IORunLoop.scala:122)
	at cats.effect.internals.IORunLoop$.startCancelable(IORunLoop.scala:41)
	at cats.effect.internals.IOBracket$BracketStart.run(IOBracket.scala:88)
	at cats.effect.internals.Trampoline.cats$effect$internals$Trampoline$$immediateLoop(Trampoline.scala:67)
	at cats.effect.internals.Trampoline.startLoop(Trampoline.scala:35)
	at cats.effect.internals.TrampolineEC$JVMTrampoline.super$startLoop(TrampolineEC.scala:89)
	at cats.effect.internals.TrampolineEC$JVMTrampoline.$anonfun$startLoop$1(TrampolineEC.scala:89)
	at scala.runtime.java8.JFunction0$mcV$sp.apply(JFunction0$mcV$sp.scala:18)
	at scala.concurrent.BlockContext$.withBlockContext(BlockContext.scala:94)
	at cats.effect.internals.TrampolineEC$JVMTrampoline.startLoop(TrampolineEC.scala:89)
	at cats.effect.internals.Trampoline.execute(Trampoline.scala:43)
	at cats.effect.internals.TrampolineEC.execute(TrampolineEC.scala:42)
	at cats.effect.internals.IOBracket$BracketStart.apply(IOBracket.scala:69)
	at cats.effect.internals.IOBracket$BracketStart.apply(IOBracket.scala:49)
	at cats.effect.internals.IORunLoop$.cats$effect$internals$IORunLoop$$loop(IORunLoop.scala:139)
	at cats.effect.internals.IORunLoop$.start(IORunLoop.scala:34)
	at cats.effect.internals.IOBracket$.$anonfun$apply$1(IOBracket.scala:42)
	at cats.effect.internals.IOBracket$.$anonfun$apply$1$adapted(IOBracket.scala:32)
	at cats.effect.internals.IORunLoop$RestartCallback.start(IORunLoop.scala:345)
	at cats.effect.internals.IORunLoop$.cats$effect$internals$IORunLoop$$loop(IORunLoop.scala:122)
	at cats.effect.internals.IORunLoop$RestartCallback.signal(IORunLoop.scala:359)
	at cats.effect.internals.IORunLoop$RestartCallback.apply(IORunLoop.scala:380)
	at cats.effect.internals.IORunLoop$RestartCallback.apply(IORunLoop.scala:323)
	at cats.effect.internals.IOShift$Tick.run(IOShift.scala:35)
	at cats.effect.internals.PoolUtils$$anon$2$$anon$3.run(PoolUtils.scala:52)
	at java.util.concurrent.ThreadPoolExecutor.runWorker(ThreadPoolExecutor.java:1149)
	at java.util.concurrent.ThreadPoolExecutor$Worker.run(ThreadPoolExecutor.java:624)
	at java.lang.Thread.run(Thread.java:748)
Caused by: java.net.UnknownHostException: adx66
	at java.net.AbstractPlainSocketImpl.connect(AbstractPlainSocketImpl.java:184)
	at java.net.SocksSocketImpl.connect(SocksSocketImpl.java:392)
	at java.net.Socket.connect(Socket.java:589)
	at org.postgresql.core.PGStream.<init>(PGStream.java:75)
	at org.postgresql.core.v3.ConnectionFactoryImpl.tryConnect(ConnectionFactoryImpl.java:91)
	at org.postgresql.core.v3.ConnectionFactoryImpl.openConnectionImpl(ConnectionFactoryImpl.java:192)
	... 45 common frames omitted
2020-05-19T15:23:18.595+08:00 INFO  a.a.LocalActorRef Message [akka.cluster.ClusterUserAction$Leave] to Actor[akka://simple-dev-1/system/cluster/core/daemon#956527940] was unhandled. [1] dead letters encountered. This logging can be turned off or adjusted with configuration settings 'akka.log-dead-letters' and 'akka.log-dead-letters-during-shutdown'.
2020-05-19T15:23:18.609+08:00 INFO  a.c.Cluster Cluster Node [akka://simple-dev-1@127.0.1.1:32889] - Exiting completed
2020-05-19T15:23:18.613+08:00 INFO  a.c.Cluster Cluster Node [akka://simple-dev-1@127.0.1.1:32889] - Shutting down...
2020-05-19T15:23:18.614+08:00 INFO  a.c.Cluster Cluster Node [akka://simple-dev-1@127.0.1.1:32889] - Successfully shut down
2020-05-19T15:23:18.646+08:00 INFO  a.r.RemoteActorRefProvider$RemotingTerminator Shutting down remote daemon.
2020-05-19T15:23:18.652+08:00 INFO  a.r.RemoteActorRefProvider$RemotingTerminator Remote daemon shut down; proceeding with flushing remote transports.
2020-05-19T15:23:18.677+08:00 INFO  a.r.RemoteActorRefProvider$RemotingTerminator Remoting shut down.
2020-05-19T15:25:12.998+08:00 INFO  a.e.s.Slf4jLogger Slf4jLogger started
2020-05-19T15:25:13.416+08:00 INFO  a.r.a.t.ArteryTcpTransport Remoting started with transport [Artery tcp]; listening on address [akka://simple-dev-1@127.0.1.1:33471] with UID [-8900307163417520985]
2020-05-19T15:25:13.436+08:00 INFO  a.c.Cluster Cluster Node [akka://simple-dev-1@127.0.1.1:33471] - Starting up, Akka version [2.6.5] ...
2020-05-19T15:25:13.586+08:00 INFO  a.c.Cluster Cluster Node [akka://simple-dev-1@127.0.1.1:33471] - Registered cluster JMX MBean [akka:type=Cluster]
2020-05-19T15:25:13.593+08:00 INFO  a.c.Cluster Cluster Node [akka://simple-dev-1@127.0.1.1:33471] - Started up successfully
2020-05-19T15:25:13.640+08:00 INFO  a.c.Cluster Cluster Node [akka://simple-dev-1@127.0.1.1:33471] - No downing-provider-class configured, manual cluster downing required, see https://doc.akka.io/docs/akka/current/typed/cluster.html#downing
2020-05-19T15:25:13.643+08:00 INFO  a.c.Cluster Cluster Node [akka://simple-dev-1@127.0.1.1:33471] - No seed-nodes configured, manual cluster join required, see https://doc.akka.io/docs/akka/current/typed/cluster.html#joining
2020-05-19T15:25:14.214+08:00 INFO  c.z.a.b.c.AppConfigExtension app config:
{
  "app" : {
    "timezone" : "Asia/Shanghai"
  },
  "auth" : {
    "stateless" : {
      "jwt" : {
        "secret" : "26uKTlqR8BKpjdJ35DmuN+1q5cA28ep2xKLjR9n2QhI=",
        "tsec" : {
          "expiryDuration" : "30 days",
          "headerName" : "X-TSec-JWT",
          "maxIdle" : "1 day"
        }
      }
    }
  },
  "database" : {
    "main" : {
      "connectionTimeout" : 500,
      "dataSourceClass" : "org.postgresql.ds.PGSimpleDataSource",
      "maximumPoolSize" : 8,
      "numThreads" : 8,
      "properties" : {
        "databaseName" : "simple",
        "password" : "aszx",
        "portNumber" : 5432,
        "serverName" : "adx66",
        "user" : "root"
      }
    },
    "report" : {
      "connectionTimeout" : 500,
      "dataSourceClass" : "org.postgresql.ds.PGSimpleDataSource",
      "maximumPoolSize" : 8,
      "numThreads" : 8,
      "properties" : {
        "databaseName" : "simple_report",
        "password" : "aszx",
        "portNumber" : 5432,
        "serverName" : "adx66",
        "user" : "root"
      }
    }
  },
  "http" : {
    "akka" : {
      "host" : "0.0.0.0",
      "port" : 10002
    },
    "main" : {
      "host" : "0.0.0.0",
      "port" : 10000
    }
  }
}
2020-05-19T15:25:14.467+08:00 INFO  c.z.h.HikariDataSource HikariPool-1 - Starting...
2020-05-19T15:25:14.552+08:00 ERROR c.z.h.p.HikariPool HikariPool-1 - Exception during pool initialization.
org.postgresql.util.PSQLException: 尝试连线已失败。
	at org.postgresql.core.v3.ConnectionFactoryImpl.openConnectionImpl(ConnectionFactoryImpl.java:292)
	at org.postgresql.core.ConnectionFactory.openConnection(ConnectionFactory.java:49)
	at org.postgresql.jdbc.PgConnection.<init>(PgConnection.java:211)
	at org.postgresql.Driver.makeConnection(Driver.java:458)
	at org.postgresql.Driver.connect(Driver.java:260)
	at com.zaxxer.hikari.util.DriverDataSource.getConnection(DriverDataSource.java:138)
	at com.zaxxer.hikari.pool.PoolBase.newConnection(PoolBase.java:353)
	at com.zaxxer.hikari.pool.PoolBase.newPoolEntry(PoolBase.java:201)
	at com.zaxxer.hikari.pool.HikariPool.createPoolEntry(HikariPool.java:473)
	at com.zaxxer.hikari.pool.HikariPool.checkFailFast(HikariPool.java:562)
	at com.zaxxer.hikari.pool.HikariPool.<init>(HikariPool.java:115)
	at com.zaxxer.hikari.HikariDataSource.<init>(HikariDataSource.java:81)
	at doobie.hikari.HikariTransactor$.$anonfun$fromHikariConfig$1(HikariTransactor.scala:44)
	at cats.effect.internals.IORunLoop$.cats$effect$internals$IORunLoop$$loop(IORunLoop.scala:87)
	at cats.effect.internals.IORunLoop$.start(IORunLoop.scala:34)
	at cats.effect.internals.IOBracket$.$anonfun$apply$1(IOBracket.scala:42)
	at cats.effect.internals.IOBracket$.$anonfun$apply$1$adapted(IOBracket.scala:32)
	at cats.effect.internals.IORunLoop$RestartCallback.start(IORunLoop.scala:345)
	at cats.effect.internals.IORunLoop$.cats$effect$internals$IORunLoop$$loop(IORunLoop.scala:122)
	at cats.effect.internals.IORunLoop$.startCancelable(IORunLoop.scala:41)
	at cats.effect.internals.IOBracket$BracketStart.run(IOBracket.scala:88)
	at cats.effect.internals.Trampoline.cats$effect$internals$Trampoline$$immediateLoop(Trampoline.scala:67)
	at cats.effect.internals.Trampoline.startLoop(Trampoline.scala:35)
	at cats.effect.internals.TrampolineEC$JVMTrampoline.super$startLoop(TrampolineEC.scala:89)
	at cats.effect.internals.TrampolineEC$JVMTrampoline.$anonfun$startLoop$1(TrampolineEC.scala:89)
	at scala.runtime.java8.JFunction0$mcV$sp.apply(JFunction0$mcV$sp.scala:18)
	at scala.concurrent.BlockContext$.withBlockContext(BlockContext.scala:94)
	at cats.effect.internals.TrampolineEC$JVMTrampoline.startLoop(TrampolineEC.scala:89)
	at cats.effect.internals.Trampoline.execute(Trampoline.scala:43)
	at cats.effect.internals.TrampolineEC.execute(TrampolineEC.scala:42)
	at cats.effect.internals.IOBracket$BracketStart.apply(IOBracket.scala:69)
	at cats.effect.internals.IOBracket$BracketStart.apply(IOBracket.scala:49)
	at cats.effect.internals.IORunLoop$.cats$effect$internals$IORunLoop$$loop(IORunLoop.scala:139)
	at cats.effect.internals.IORunLoop$.start(IORunLoop.scala:34)
	at cats.effect.internals.IOBracket$.$anonfun$apply$1(IOBracket.scala:42)
	at cats.effect.internals.IOBracket$.$anonfun$apply$1$adapted(IOBracket.scala:32)
	at cats.effect.internals.IORunLoop$RestartCallback.start(IORunLoop.scala:345)
	at cats.effect.internals.IORunLoop$.cats$effect$internals$IORunLoop$$loop(IORunLoop.scala:122)
	at cats.effect.internals.IORunLoop$RestartCallback.signal(IORunLoop.scala:359)
	at cats.effect.internals.IORunLoop$RestartCallback.apply(IORunLoop.scala:380)
	at cats.effect.internals.IORunLoop$RestartCallback.apply(IORunLoop.scala:323)
	at cats.effect.internals.IOShift$Tick.run(IOShift.scala:35)
	at cats.effect.internals.PoolUtils$$anon$2$$anon$3.run(PoolUtils.scala:52)
	at java.base/java.util.concurrent.ThreadPoolExecutor.runWorker(ThreadPoolExecutor.java:1128)
	at java.base/java.util.concurrent.ThreadPoolExecutor$Worker.run(ThreadPoolExecutor.java:628)
	at java.base/java.lang.Thread.run(Thread.java:834)
Caused by: java.net.UnknownHostException: adx66
	at java.base/java.net.AbstractPlainSocketImpl.connect(AbstractPlainSocketImpl.java:220)
	at java.base/java.net.SocksSocketImpl.connect(SocksSocketImpl.java:403)
	at java.base/java.net.Socket.connect(Socket.java:591)
	at org.postgresql.core.PGStream.<init>(PGStream.java:75)
	at org.postgresql.core.v3.ConnectionFactoryImpl.tryConnect(ConnectionFactoryImpl.java:91)
	at org.postgresql.core.v3.ConnectionFactoryImpl.openConnectionImpl(ConnectionFactoryImpl.java:192)
	... 45 common frames omitted
2020-05-19T15:25:14.604+08:00 INFO  a.a.LocalActorRef Message [akka.cluster.ClusterUserAction$Leave] to Actor[akka://simple-dev-1/system/cluster/core/daemon#-2063891974] was unhandled. [1] dead letters encountered. This logging can be turned off or adjusted with configuration settings 'akka.log-dead-letters' and 'akka.log-dead-letters-during-shutdown'.
2020-05-19T15:25:14.617+08:00 INFO  a.c.Cluster Cluster Node [akka://simple-dev-1@127.0.1.1:33471] - Exiting completed
2020-05-19T15:25:14.617+08:00 INFO  a.c.Cluster Cluster Node [akka://simple-dev-1@127.0.1.1:33471] - Shutting down...
2020-05-19T15:25:14.622+08:00 INFO  a.c.Cluster Cluster Node [akka://simple-dev-1@127.0.1.1:33471] - Successfully shut down
2020-05-19T15:25:14.650+08:00 INFO  a.r.RemoteActorRefProvider$RemotingTerminator Shutting down remote daemon.
2020-05-19T15:25:14.655+08:00 INFO  a.r.RemoteActorRefProvider$RemotingTerminator Remote daemon shut down; proceeding with flushing remote transports.
2020-05-19T15:25:14.705+08:00 INFO  a.r.RemoteActorRefProvider$RemotingTerminator Remoting shut down.
2020-05-19T15:26:49.280+08:00 INFO  a.e.s.Slf4jLogger Slf4jLogger started
2020-05-19T15:26:49.617+08:00 INFO  a.r.a.t.ArteryTcpTransport Remoting started with transport [Artery tcp]; listening on address [akka://simple-dev-1@127.0.1.1:36415] with UID [-6779811162042811786]
2020-05-19T15:26:49.638+08:00 INFO  a.c.Cluster Cluster Node [akka://simple-dev-1@127.0.1.1:36415] - Starting up, Akka version [2.6.5] ...
2020-05-19T15:26:49.706+08:00 INFO  a.c.Cluster Cluster Node [akka://simple-dev-1@127.0.1.1:36415] - Registered cluster JMX MBean [akka:type=Cluster]
2020-05-19T15:26:49.706+08:00 INFO  a.c.Cluster Cluster Node [akka://simple-dev-1@127.0.1.1:36415] - Started up successfully
2020-05-19T15:26:49.736+08:00 INFO  a.c.Cluster Cluster Node [akka://simple-dev-1@127.0.1.1:36415] - No downing-provider-class configured, manual cluster downing required, see https://doc.akka.io/docs/akka/current/typed/cluster.html#downing
2020-05-19T15:26:49.736+08:00 INFO  a.c.Cluster Cluster Node [akka://simple-dev-1@127.0.1.1:36415] - No seed-nodes configured, manual cluster join required, see https://doc.akka.io/docs/akka/current/typed/cluster.html#joining
2020-05-19T15:26:50.237+08:00 INFO  c.z.a.b.c.AppConfigExtension app config:
{
  "app" : {
    "timezone" : "Asia/Shanghai"
  },
  "auth" : {
    "stateless" : {
      "jwt" : {
        "secret" : "26uKTlqR8BKpjdJ35DmuN+1q5cA28ep2xKLjR9n2QhI=",
        "tsec" : {
          "expiryDuration" : "30 days",
          "headerName" : "X-TSec-JWT",
          "maxIdle" : "1 day"
        }
      }
    }
  },
  "database" : {
    "main" : {
      "connectionTimeout" : 500,
      "dataSourceClass" : "org.postgresql.ds.PGSimpleDataSource",
      "maximumPoolSize" : 8,
      "numThreads" : 8,
      "properties" : {
        "databaseName" : "test",
        "password" : "123456",
        "portNumber" : 5432,
        "serverName" : "127.0.0.1",
        "user" : "postgres"
      }
    },
    "report" : {
      "connectionTimeout" : 500,
      "dataSourceClass" : "org.postgresql.ds.PGSimpleDataSource",
      "maximumPoolSize" : 8,
      "numThreads" : 8,
      "properties" : {
        "databaseName" : "simple_report",
        "password" : "123456",
        "portNumber" : 5432,
        "serverName" : "127.0.0.1",
        "user" : "postgres"
      }
    }
  },
  "http" : {
    "akka" : {
      "host" : "0.0.0.0",
      "port" : 10002
    },
    "main" : {
      "host" : "0.0.0.0",
      "port" : 10000
    }
  }
}
2020-05-19T15:26:50.527+08:00 INFO  c.z.h.HikariDataSource HikariPool-1 - Starting...
2020-05-19T15:26:50.688+08:00 INFO  c.z.h.HikariDataSource HikariPool-1 - Start completed.
2020-05-19T15:26:51.798+08:00 INFO  c.z.h.HikariDataSource HikariPool-2 - Starting...
2020-05-19T15:26:51.812+08:00 ERROR c.z.h.p.HikariPool HikariPool-2 - Exception during pool initialization.
org.postgresql.util.PSQLException: 致命错误: 数据库 "simple_report" 不存在
	at org.postgresql.core.v3.QueryExecutorImpl.receiveErrorResponse(QueryExecutorImpl.java:2505)
	at org.postgresql.core.v3.QueryExecutorImpl.readStartupMessages(QueryExecutorImpl.java:2617)
	at org.postgresql.core.v3.QueryExecutorImpl.<init>(QueryExecutorImpl.java:135)
	at org.postgresql.core.v3.ConnectionFactoryImpl.openConnectionImpl(ConnectionFactoryImpl.java:250)
	at org.postgresql.core.ConnectionFactory.openConnection(ConnectionFactory.java:49)
	at org.postgresql.jdbc.PgConnection.<init>(PgConnection.java:211)
	at org.postgresql.Driver.makeConnection(Driver.java:458)
	at org.postgresql.Driver.connect(Driver.java:260)
	at com.zaxxer.hikari.util.DriverDataSource.getConnection(DriverDataSource.java:138)
	at com.zaxxer.hikari.pool.PoolBase.newConnection(PoolBase.java:353)
	at com.zaxxer.hikari.pool.PoolBase.newPoolEntry(PoolBase.java:201)
	at com.zaxxer.hikari.pool.HikariPool.createPoolEntry(HikariPool.java:473)
	at com.zaxxer.hikari.pool.HikariPool.checkFailFast(HikariPool.java:562)
	at com.zaxxer.hikari.pool.HikariPool.<init>(HikariPool.java:115)
	at com.zaxxer.hikari.HikariDataSource.<init>(HikariDataSource.java:81)
	at doobie.hikari.HikariTransactor$.$anonfun$fromHikariConfig$1(HikariTransactor.scala:44)
	at cats.effect.internals.IORunLoop$.cats$effect$internals$IORunLoop$$loop(IORunLoop.scala:87)
	at cats.effect.internals.IORunLoop$.start(IORunLoop.scala:34)
	at cats.effect.internals.IOBracket$.$anonfun$apply$1(IOBracket.scala:42)
	at cats.effect.internals.IOBracket$.$anonfun$apply$1$adapted(IOBracket.scala:32)
	at cats.effect.internals.IORunLoop$RestartCallback.start(IORunLoop.scala:345)
	at cats.effect.internals.IORunLoop$.cats$effect$internals$IORunLoop$$loop(IORunLoop.scala:122)
	at cats.effect.internals.IORunLoop$.startCancelable(IORunLoop.scala:41)
	at cats.effect.internals.IOBracket$BracketStart.run(IOBracket.scala:88)
	at cats.effect.internals.Trampoline.cats$effect$internals$Trampoline$$immediateLoop(Trampoline.scala:67)
	at cats.effect.internals.Trampoline.startLoop(Trampoline.scala:35)
	at cats.effect.internals.TrampolineEC$JVMTrampoline.super$startLoop(TrampolineEC.scala:89)
	at cats.effect.internals.TrampolineEC$JVMTrampoline.$anonfun$startLoop$1(TrampolineEC.scala:89)
	at scala.runtime.java8.JFunction0$mcV$sp.apply(JFunction0$mcV$sp.scala:18)
	at scala.concurrent.BlockContext$.withBlockContext(BlockContext.scala:94)
	at cats.effect.internals.TrampolineEC$JVMTrampoline.startLoop(TrampolineEC.scala:89)
	at cats.effect.internals.Trampoline.execute(Trampoline.scala:43)
	at cats.effect.internals.TrampolineEC.execute(TrampolineEC.scala:42)
	at cats.effect.internals.IOBracket$BracketStart.apply(IOBracket.scala:69)
	at cats.effect.internals.IOBracket$BracketStart.apply(IOBracket.scala:49)
	at cats.effect.internals.IORunLoop$.cats$effect$internals$IORunLoop$$loop(IORunLoop.scala:139)
	at cats.effect.internals.IORunLoop$.start(IORunLoop.scala:34)
	at cats.effect.internals.IOBracket$.$anonfun$apply$1(IOBracket.scala:42)
	at cats.effect.internals.IOBracket$.$anonfun$apply$1$adapted(IOBracket.scala:32)
	at cats.effect.internals.IORunLoop$RestartCallback.start(IORunLoop.scala:345)
	at cats.effect.internals.IORunLoop$.cats$effect$internals$IORunLoop$$loop(IORunLoop.scala:122)
	at cats.effect.internals.IORunLoop$RestartCallback.signal(IORunLoop.scala:359)
	at cats.effect.internals.IORunLoop$RestartCallback.apply(IORunLoop.scala:380)
	at cats.effect.internals.IORunLoop$RestartCallback.apply(IORunLoop.scala:323)
	at cats.effect.internals.IOShift$Tick.run(IOShift.scala:35)
	at cats.effect.internals.PoolUtils$$anon$2$$anon$3.run(PoolUtils.scala:52)
	at java.util.concurrent.ThreadPoolExecutor.runWorker(ThreadPoolExecutor.java:1149)
	at java.util.concurrent.ThreadPoolExecutor$Worker.run(ThreadPoolExecutor.java:624)
	at java.lang.Thread.run(Thread.java:748)
2020-05-19T15:26:51.817+08:00 INFO  c.z.h.HikariDataSource HikariPool-1 - Shutdown initiated...
2020-05-19T15:26:51.848+08:00 INFO  c.z.h.HikariDataSource HikariPool-1 - Shutdown completed.
2020-05-19T15:27:23.562+08:00 INFO  a.c.Cluster Cluster Node [akka://simple-dev-1@127.0.1.1:36415] - Exiting completed
2020-05-19T15:27:23.583+08:00 INFO  a.a.LocalActorRef Message [akka.cluster.ClusterUserAction$Leave] to Actor[akka://simple-dev-1/system/cluster/core/daemon#-1231178059] was unhandled. [1] dead letters encountered. This logging can be turned off or adjusted with configuration settings 'akka.log-dead-letters' and 'akka.log-dead-letters-during-shutdown'.
2020-05-19T15:27:23.592+08:00 INFO  a.c.Cluster Cluster Node [akka://simple-dev-1@127.0.1.1:36415] - Shutting down...
2020-05-19T15:27:23.593+08:00 INFO  a.c.Cluster Cluster Node [akka://simple-dev-1@127.0.1.1:36415] - Successfully shut down
2020-05-19T15:27:23.594+08:00 INFO  a.r.RemoteActorRefProvider$RemotingTerminator Shutting down remote daemon.
2020-05-19T15:27:23.595+08:00 INFO  a.r.RemoteActorRefProvider$RemotingTerminator Remote daemon shut down; proceeding with flushing remote transports.
2020-05-19T15:27:23.626+08:00 INFO  a.r.RemoteActorRefProvider$RemotingTerminator Remoting shut down.
2020-05-19T15:27:36.191+08:00 INFO  a.e.s.Slf4jLogger Slf4jLogger started
2020-05-19T15:27:36.518+08:00 INFO  a.r.a.t.ArteryTcpTransport Remoting started with transport [Artery tcp]; listening on address [akka://simple-dev-1@127.0.1.1:44955] with UID [3335814046075570620]
2020-05-19T15:27:36.536+08:00 INFO  a.c.Cluster Cluster Node [akka://simple-dev-1@127.0.1.1:44955] - Starting up, Akka version [2.6.5] ...
2020-05-19T15:27:36.600+08:00 INFO  a.c.Cluster Cluster Node [akka://simple-dev-1@127.0.1.1:44955] - Registered cluster JMX MBean [akka:type=Cluster]
2020-05-19T15:27:36.600+08:00 INFO  a.c.Cluster Cluster Node [akka://simple-dev-1@127.0.1.1:44955] - Started up successfully
2020-05-19T15:27:36.627+08:00 INFO  a.c.Cluster Cluster Node [akka://simple-dev-1@127.0.1.1:44955] - No downing-provider-class configured, manual cluster downing required, see https://doc.akka.io/docs/akka/current/typed/cluster.html#downing
2020-05-19T15:27:36.631+08:00 INFO  a.c.Cluster Cluster Node [akka://simple-dev-1@127.0.1.1:44955] - No seed-nodes configured, manual cluster join required, see https://doc.akka.io/docs/akka/current/typed/cluster.html#joining
2020-05-19T15:27:37.114+08:00 INFO  c.z.a.b.c.AppConfigExtension app config:
{
  "app" : {
    "timezone" : "Asia/Shanghai"
  },
  "auth" : {
    "stateless" : {
      "jwt" : {
        "secret" : "26uKTlqR8BKpjdJ35DmuN+1q5cA28ep2xKLjR9n2QhI=",
        "tsec" : {
          "expiryDuration" : "30 days",
          "headerName" : "X-TSec-JWT",
          "maxIdle" : "1 day"
        }
      }
    }
  },
  "database" : {
    "main" : {
      "connectionTimeout" : 500,
      "dataSourceClass" : "org.postgresql.ds.PGSimpleDataSource",
      "maximumPoolSize" : 8,
      "numThreads" : 8,
      "properties" : {
        "databaseName" : "test",
        "password" : "123456",
        "portNumber" : 5432,
        "serverName" : "127.0.0.1",
        "user" : "postgres"
      }
    },
    "report" : {
      "connectionTimeout" : 500,
      "dataSourceClass" : "org.postgresql.ds.PGSimpleDataSource",
      "maximumPoolSize" : 8,
      "numThreads" : 8,
      "properties" : {
        "databaseName" : "test",
        "password" : "123456",
        "portNumber" : 5432,
        "serverName" : "127.0.0.1",
        "user" : "postgres"
      }
    }
  },
  "http" : {
    "akka" : {
      "host" : "0.0.0.0",
      "port" : 10002
    },
    "main" : {
      "host" : "0.0.0.0",
      "port" : 10000
    }
  }
}
2020-05-19T15:27:37.385+08:00 INFO  c.z.h.HikariDataSource HikariPool-1 - Starting...
2020-05-19T15:27:37.538+08:00 INFO  c.z.h.HikariDataSource HikariPool-1 - Start completed.
2020-05-19T15:27:38.649+08:00 INFO  c.z.h.HikariDataSource HikariPool-2 - Starting...
2020-05-19T15:27:38.662+08:00 INFO  c.z.h.HikariDataSource HikariPool-2 - Start completed.
2020-05-19T15:27:38.850+08:00 DEBUG c.t.s.a.AkkaSSLConfig Initializing AkkaSSLConfig extension...
2020-05-19T15:27:38.851+08:00 DEBUG c.t.s.a.AkkaSSLConfig buildHostnameVerifier: created hostname verifier: com.typesafe.sslconfig.ssl.NoopHostnameVerifier@3c29102
2020-05-19T15:27:39.459+08:00 DEBUG c.a.a.d.c.AkkaNodeDiscovererTyped received message: PublishSelf
2020-05-19T15:27:39.460+08:00 INFO  c.a.a.d.c.AkkaNodeDiscovererTyped Publish self Akka Address akka://simple-dev-1@127.0.1.1:44955
2020-05-19T15:27:39.771+08:00 INFO  o.h.b.c.n.NIO1SocketServerGroup Service bound to address /0:0:0:0:0:0:0:0:10000
2020-05-19T15:27:39.776+08:00 INFO  o.h.s.b.BlazeServerBuilder 





╔═╗╔╦╗╦ ╦  ╔╗ ┌─┐┌─┐┬┌─╔═╗┌┬┐┌─┐┌─┐┌─┐  ╔═╗┌─┐┬─┐┬  ┬┬┌─┐┌─┐
╠═╣ ║║╚╦╝  ╠╩╗├─┤│  ├┴┐╚═╗ │ ├─┤│ ┬├┤   ╚═╗├┤ ├┬┘└┐┌┘││  ├┤
╩ ╩═╩╝ ╩   ╚═╝┴ ┴└─┘┴ ┴╚═╝ ┴ ┴ ┴└─┘└─┘  ╚═╝└─┘┴└─ └┘ ┴└─┘└─┘







2020-05-19T15:27:39.790+08:00 INFO  c.a.a.d.c.AkkaNodeDiscovererTyped Waiting for other nodes for 2 seconds
2020-05-19T15:27:39.812+08:00 INFO  o.h.s.b.BlazeServerBuilder http4s v0.21.2 on blaze v0.14.11 started at http://[::]:10000/
2020-05-19T15:27:41.471+08:00 DEBUG c.a.a.d.c.AkkaNodeDiscovererTyped received message: Join
2020-05-19T15:27:41.487+08:00 INFO  c.a.a.d.c.AkkaNodeDiscovererTyped nodes: List(AkkaNode(simple-dev-1:0:3fad2267-25f9-4fa1-a174-7be556ed4270,simple-dev-1,127.0.1.1,127.0.1.1,44955,akka,0))
2020-05-19T15:27:41.490+08:00 INFO  c.a.a.d.c.AkkaNodeDiscovererTyped Joining cluster. Target nodes: List(AkkaNode(simple-dev-1:0:3fad2267-25f9-4fa1-a174-7be556ed4270,simple-dev-1,127.0.1.1,127.0.1.1,44955,akka,0))
2020-05-19T15:27:41.491+08:00 INFO  c.a.a.d.c.AkkaNodeDiscovererTyped Joining nodes: List(akka://simple-dev-1@127.0.1.1:44955)
2020-05-19T15:27:41.525+08:00 INFO  a.c.Cluster Cluster Node [akka://simple-dev-1@127.0.1.1:44955] - Node [akka://simple-dev-1@127.0.1.1:44955] is JOINING itself (with roles [dc-default]) and forming new cluster
2020-05-19T15:27:41.528+08:00 INFO  a.c.Cluster Cluster Node [akka://simple-dev-1@127.0.1.1:44955] - is the new leader among reachable nodes (more leaders may exist)
2020-05-19T15:27:41.532+08:00 INFO  a.c.Cluster Cluster Node [akka://simple-dev-1@127.0.1.1:44955] - Leader is moving node [akka://simple-dev-1@127.0.1.1:44955] to [Up]
2020-05-19T15:28:00.472+08:00 INFO  a.c.Cluster Cluster Node [akka://simple-dev-1@127.0.1.1:44955] - Marked address [akka://simple-dev-1@127.0.1.1:44955] as [Leaving]
2020-05-19T15:28:00.566+08:00 INFO  o.h.b.c.ServerChannel Closing NIO1 channel /0:0:0:0:0:0:0:0:10000
2020-05-19T15:28:00.577+08:00 INFO  o.h.b.c.n.SelectorLoop Shutting down SelectorLoop blaze-selector-0
2020-05-19T15:28:00.579+08:00 INFO  o.h.b.c.n.SelectorLoop Shutting down SelectorLoop blaze-selector-1
2020-05-19T15:28:00.579+08:00 INFO  o.h.b.c.n.SelectorLoop Shutting down SelectorLoop blaze-selector-2
2020-05-19T15:28:00.583+08:00 INFO  o.h.b.c.n.SelectorLoop Shutting down SelectorLoop blaze-selector-3
2020-05-19T15:28:00.590+08:00 INFO  o.h.b.c.n.SelectorLoop Shutting down SelectorLoop blaze-selector-4
2020-05-19T15:28:00.595+08:00 INFO  c.z.h.HikariDataSource HikariPool-2 - Shutdown initiated...
2020-05-19T15:28:00.655+08:00 INFO  c.z.h.HikariDataSource HikariPool-2 - Shutdown completed.
2020-05-19T15:28:00.656+08:00 INFO  c.z.h.HikariDataSource HikariPool-1 - Shutdown initiated...
2020-05-19T15:28:00.692+08:00 INFO  c.z.h.HikariDataSource HikariPool-1 - Shutdown completed.
2020-05-19T15:28:01.081+08:00 INFO  a.c.Cluster Cluster Node [akka://simple-dev-1@127.0.1.1:44955] - Leader is moving node [akka://simple-dev-1@127.0.1.1:44955] to [Exiting]
2020-05-19T15:28:01.084+08:00 INFO  a.c.Cluster Cluster Node [akka://simple-dev-1@127.0.1.1:44955] - Exiting completed
2020-05-19T15:28:01.085+08:00 INFO  a.c.Cluster Cluster Node [akka://simple-dev-1@127.0.1.1:44955] - Shutting down...
2020-05-19T15:28:01.086+08:00 INFO  a.c.Cluster Cluster Node [akka://simple-dev-1@127.0.1.1:44955] - Successfully shut down
2020-05-19T15:28:01.094+08:00 WARN  c.a.a.d.c.AkkaNodeDiscovererTyped received cluster event message: MemberRemoved(Member(address = akka://simple-dev-1@127.0.1.1:44955, status = Removed),Exiting)
2020-05-19T15:28:01.105+08:00 INFO  a.a.LocalActorRef Message [akka.cluster.InternalClusterAction$GossipTick$] from Actor[akka://simple-dev-1/system/cluster/core/daemon#-1785434615] to Actor[akka://simple-dev-1/system/cluster/core/daemon#-1785434615] was not delivered. [1] dead letters encountered. If this is not an expected behavior then Actor[akka://simple-dev-1/system/cluster/core/daemon#-1785434615] may have terminated unexpectedly. This logging can be turned off or adjusted with configuration settings 'akka.log-dead-letters' and 'akka.log-dead-letters-during-shutdown'.
2020-05-19T15:28:01.110+08:00 INFO  a.r.RemoteActorRefProvider$RemotingTerminator Shutting down remote daemon.
2020-05-19T15:28:01.113+08:00 INFO  a.r.RemoteActorRefProvider$RemotingTerminator Remote daemon shut down; proceeding with flushing remote transports.
2020-05-19T15:28:01.121+08:00 INFO  c.a.a.d.c.AkkaNodeDiscovererTyped Member is Removed: akka://simple-dev-1@127.0.1.1:44955
2020-05-19T15:28:01.146+08:00 INFO  a.r.RemoteActorRefProvider$RemotingTerminator Remoting shut down.
2020-05-19T15:28:01.174+08:00 DEBUG c.a.a.d.c.AkkaNodeDiscovererTyped Cancel all timers
2020-05-19T15:28:20.876+08:00 INFO  a.e.s.Slf4jLogger Slf4jLogger started
2020-05-19T15:28:21.221+08:00 INFO  a.r.a.t.ArteryTcpTransport Remoting started with transport [Artery tcp]; listening on address [akka://simple-dev-1@127.0.1.1:38753] with UID [6604130511153569318]
2020-05-19T15:28:21.238+08:00 INFO  a.c.Cluster Cluster Node [akka://simple-dev-1@127.0.1.1:38753] - Starting up, Akka version [2.6.5] ...
2020-05-19T15:28:21.387+08:00 INFO  a.c.Cluster Cluster Node [akka://simple-dev-1@127.0.1.1:38753] - Registered cluster JMX MBean [akka:type=Cluster]
2020-05-19T15:28:21.393+08:00 INFO  a.c.Cluster Cluster Node [akka://simple-dev-1@127.0.1.1:38753] - Started up successfully
2020-05-19T15:28:21.438+08:00 INFO  a.c.Cluster Cluster Node [akka://simple-dev-1@127.0.1.1:38753] - No downing-provider-class configured, manual cluster downing required, see https://doc.akka.io/docs/akka/current/typed/cluster.html#downing
2020-05-19T15:28:21.440+08:00 INFO  a.c.Cluster Cluster Node [akka://simple-dev-1@127.0.1.1:38753] - No seed-nodes configured, manual cluster join required, see https://doc.akka.io/docs/akka/current/typed/cluster.html#joining
2020-05-19T15:28:21.978+08:00 INFO  c.z.a.b.c.AppConfigExtension app config:
{
  "app" : {
    "timezone" : "Asia/Shanghai"
  },
  "auth" : {
    "stateless" : {
      "jwt" : {
        "secret" : "26uKTlqR8BKpjdJ35DmuN+1q5cA28ep2xKLjR9n2QhI=",
        "tsec" : {
          "expiryDuration" : "30 days",
          "headerName" : "X-TSec-JWT",
          "maxIdle" : "1 day"
        }
      }
    }
  },
  "database" : {
    "main" : {
      "connectionTimeout" : 500,
      "dataSourceClass" : "org.postgresql.ds.PGSimpleDataSource",
      "maximumPoolSize" : 8,
      "numThreads" : 8,
      "properties" : {
        "databaseName" : "test",
        "password" : "123456",
        "portNumber" : 5432,
        "serverName" : "127.0.0.1",
        "user" : "postgres"
      }
    },
    "report" : {
      "connectionTimeout" : 500,
      "dataSourceClass" : "org.postgresql.ds.PGSimpleDataSource",
      "maximumPoolSize" : 8,
      "numThreads" : 8,
      "properties" : {
        "databaseName" : "test",
        "password" : "123456",
        "portNumber" : 5432,
        "serverName" : "127.0.0.1",
        "user" : "postgres"
      }
    }
  },
  "http" : {
    "akka" : {
      "host" : "0.0.0.0",
      "port" : 10002
    },
    "main" : {
      "host" : "0.0.0.0",
      "port" : 10000
    }
  }
}
2020-05-19T15:28:22.219+08:00 INFO  c.z.h.HikariDataSource HikariPool-1 - Starting...
2020-05-19T15:28:22.415+08:00 INFO  c.z.h.HikariDataSource HikariPool-1 - Start completed.
2020-05-19T15:28:23.460+08:00 INFO  c.z.h.HikariDataSource HikariPool-2 - Starting...
2020-05-19T15:28:23.475+08:00 INFO  c.z.h.HikariDataSource HikariPool-2 - Start completed.
2020-05-19T15:28:23.653+08:00 DEBUG c.t.s.a.AkkaSSLConfig Initializing AkkaSSLConfig extension...
2020-05-19T15:28:23.661+08:00 DEBUG c.t.s.a.AkkaSSLConfig buildHostnameVerifier: created hostname verifier: com.typesafe.sslconfig.ssl.NoopHostnameVerifier@3bbece6f
2020-05-19T15:28:24.036+08:00 DEBUG c.a.a.d.c.AkkaNodeDiscovererTyped received message: PublishSelf
2020-05-19T15:28:24.036+08:00 INFO  c.a.a.d.c.AkkaNodeDiscovererTyped Publish self Akka Address akka://simple-dev-1@127.0.1.1:38753
2020-05-19T15:28:24.355+08:00 INFO  o.h.b.c.n.NIO1SocketServerGroup Service bound to address /0:0:0:0:0:0:0:0:10000
2020-05-19T15:28:24.366+08:00 INFO  o.h.s.b.BlazeServerBuilder 





╔═╗╔╦╗╦ ╦  ╔╗ ┌─┐┌─┐┬┌─╔═╗┌┬┐┌─┐┌─┐┌─┐  ╔═╗┌─┐┬─┐┬  ┬┬┌─┐┌─┐
╠═╣ ║║╚╦╝  ╠╩╗├─┤│  ├┴┐╚═╗ │ ├─┤│ ┬├┤   ╚═╗├┤ ├┬┘└┐┌┘││  ├┤
╩ ╩═╩╝ ╩   ╚═╝┴ ┴└─┘┴ ┴╚═╝ ┴ ┴ ┴└─┘└─┘  ╚═╝└─┘┴└─ └┘ ┴└─┘└─┘







2020-05-19T15:28:24.403+08:00 INFO  o.h.s.b.BlazeServerBuilder http4s v0.21.2 on blaze v0.14.11 started at http://[::]:10000/
2020-05-19T15:28:24.403+08:00 INFO  c.a.a.d.c.AkkaNodeDiscovererTyped Waiting for other nodes for 2 seconds
2020-05-19T15:28:26.052+08:00 DEBUG c.a.a.d.c.AkkaNodeDiscovererTyped received message: Join
2020-05-19T15:28:26.079+08:00 INFO  c.a.a.d.c.AkkaNodeDiscovererTyped nodes: List(AkkaNode(simple-dev-1:0:05dfec97-6cab-4c69-8e90-295334451b91,simple-dev-1,127.0.1.1,127.0.1.1,38753,akka,0))
2020-05-19T15:28:26.081+08:00 INFO  c.a.a.d.c.AkkaNodeDiscovererTyped Joining cluster. Target nodes: List(AkkaNode(simple-dev-1:0:05dfec97-6cab-4c69-8e90-295334451b91,simple-dev-1,127.0.1.1,127.0.1.1,38753,akka,0))
2020-05-19T15:28:26.082+08:00 INFO  c.a.a.d.c.AkkaNodeDiscovererTyped Joining nodes: List(akka://simple-dev-1@127.0.1.1:38753)
2020-05-19T15:28:26.109+08:00 INFO  a.c.Cluster Cluster Node [akka://simple-dev-1@127.0.1.1:38753] - Node [akka://simple-dev-1@127.0.1.1:38753] is JOINING itself (with roles [dc-default]) and forming new cluster
2020-05-19T15:28:26.113+08:00 INFO  a.c.Cluster Cluster Node [akka://simple-dev-1@127.0.1.1:38753] - is the new leader among reachable nodes (more leaders may exist)
2020-05-19T15:28:26.120+08:00 INFO  a.c.Cluster Cluster Node [akka://simple-dev-1@127.0.1.1:38753] - Leader is moving node [akka://simple-dev-1@127.0.1.1:38753] to [Up]
2020-05-19T15:29:57.103+08:00 INFO  a.c.Cluster Cluster Node [akka://simple-dev-1@127.0.1.1:38753] - Marked address [akka://simple-dev-1@127.0.1.1:38753] as [Leaving]
2020-05-19T15:29:57.117+08:00 INFO  o.h.b.c.ServerChannel Closing NIO1 channel /0:0:0:0:0:0:0:0:10000
2020-05-19T15:29:57.119+08:00 INFO  o.h.b.c.n.SelectorLoop Shutting down SelectorLoop blaze-selector-0
2020-05-19T15:29:57.119+08:00 INFO  o.h.b.c.n.SelectorLoop Shutting down SelectorLoop blaze-selector-1
2020-05-19T15:29:57.120+08:00 INFO  o.h.b.c.n.SelectorLoop Shutting down SelectorLoop blaze-selector-2
2020-05-19T15:29:57.120+08:00 INFO  o.h.b.c.n.SelectorLoop Shutting down SelectorLoop blaze-selector-3
2020-05-19T15:29:57.120+08:00 INFO  o.h.b.c.n.SelectorLoop Shutting down SelectorLoop blaze-selector-4
2020-05-19T15:29:57.127+08:00 INFO  c.z.h.HikariDataSource HikariPool-2 - Shutdown initiated...
2020-05-19T15:29:57.150+08:00 INFO  c.z.h.HikariDataSource HikariPool-2 - Shutdown completed.
2020-05-19T15:29:57.151+08:00 INFO  c.z.h.HikariDataSource HikariPool-1 - Shutdown initiated...
2020-05-19T15:29:57.180+08:00 INFO  c.z.h.HikariDataSource HikariPool-1 - Shutdown completed.
2020-05-19T15:29:57.283+08:00 INFO  a.c.Cluster Cluster Node [akka://simple-dev-1@127.0.1.1:38753] - Leader is moving node [akka://simple-dev-1@127.0.1.1:38753] to [Exiting]
2020-05-19T15:29:57.286+08:00 INFO  a.c.Cluster Cluster Node [akka://simple-dev-1@127.0.1.1:38753] - Exiting completed
2020-05-19T15:29:57.286+08:00 INFO  a.c.Cluster Cluster Node [akka://simple-dev-1@127.0.1.1:38753] - Shutting down...
2020-05-19T15:29:57.288+08:00 INFO  a.c.Cluster Cluster Node [akka://simple-dev-1@127.0.1.1:38753] - Successfully shut down
2020-05-19T15:29:57.291+08:00 WARN  c.a.a.d.c.AkkaNodeDiscovererTyped received cluster event message: MemberRemoved(Member(address = akka://simple-dev-1@127.0.1.1:38753, status = Removed),Exiting)
2020-05-19T15:29:57.294+08:00 INFO  a.a.LocalActorRef Message [akka.cluster.InternalClusterAction$GossipTick$] from Actor[akka://simple-dev-1/system/cluster/core/daemon#-63940819] to Actor[akka://simple-dev-1/system/cluster/core/daemon#-63940819] was not delivered. [1] dead letters encountered. If this is not an expected behavior then Actor[akka://simple-dev-1/system/cluster/core/daemon#-63940819] may have terminated unexpectedly. This logging can be turned off or adjusted with configuration settings 'akka.log-dead-letters' and 'akka.log-dead-letters-during-shutdown'.
2020-05-19T15:29:57.299+08:00 INFO  a.r.RemoteActorRefProvider$RemotingTerminator Shutting down remote daemon.
2020-05-19T15:29:57.301+08:00 INFO  a.r.RemoteActorRefProvider$RemotingTerminator Remote daemon shut down; proceeding with flushing remote transports.
2020-05-19T15:29:57.314+08:00 INFO  c.a.a.d.c.AkkaNodeDiscovererTyped Member is Removed: akka://simple-dev-1@127.0.1.1:38753
2020-05-19T15:29:57.319+08:00 INFO  a.r.RemoteActorRefProvider$RemotingTerminator Remoting shut down.
2020-05-19T15:29:57.334+08:00 DEBUG c.a.a.d.c.AkkaNodeDiscovererTyped Cancel all timers
2020-05-19T15:35:20.967+08:00 INFO  a.e.s.Slf4jLogger Slf4jLogger started
2020-05-19T15:35:21.272+08:00 INFO  a.r.a.t.ArteryTcpTransport Remoting started with transport [Artery tcp]; listening on address [akka://simple-dev-1@127.0.1.1:46127] with UID [101288652311243559]
2020-05-19T15:35:21.291+08:00 INFO  a.c.Cluster Cluster Node [akka://simple-dev-1@127.0.1.1:46127] - Starting up, Akka version [2.6.5] ...
2020-05-19T15:35:21.352+08:00 INFO  a.c.Cluster Cluster Node [akka://simple-dev-1@127.0.1.1:46127] - Registered cluster JMX MBean [akka:type=Cluster]
2020-05-19T15:35:21.353+08:00 INFO  a.c.Cluster Cluster Node [akka://simple-dev-1@127.0.1.1:46127] - Started up successfully
2020-05-19T15:35:21.379+08:00 INFO  a.c.Cluster Cluster Node [akka://simple-dev-1@127.0.1.1:46127] - No downing-provider-class configured, manual cluster downing required, see https://doc.akka.io/docs/akka/current/typed/cluster.html#downing
2020-05-19T15:35:21.380+08:00 INFO  a.c.Cluster Cluster Node [akka://simple-dev-1@127.0.1.1:46127] - No seed-nodes configured, manual cluster join required, see https://doc.akka.io/docs/akka/current/typed/cluster.html#joining
2020-05-19T15:35:21.917+08:00 INFO  c.z.a.b.c.AppConfigExtension app config:
{
  "app" : {
    "timezone" : "Asia/Shanghai"
  },
  "auth" : {
    "stateless" : {
      "jwt" : {
        "secret" : "26uKTlqR8BKpjdJ35DmuN+1q5cA28ep2xKLjR9n2QhI=",
        "tsec" : {
          "expiryDuration" : "30 days",
          "headerName" : "X-TSec-JWT",
          "maxIdle" : "1 day"
        }
      }
    }
  },
  "database" : {
    "main" : {
      "connectionTimeout" : 500,
      "dataSourceClass" : "org.postgresql.ds.PGSimpleDataSource",
      "maximumPoolSize" : 8,
      "numThreads" : 8,
      "properties" : {
        "databaseName" : "test",
        "password" : "123456",
        "portNumber" : 5432,
        "serverName" : "127.0.0.1",
        "user" : "postgres"
      }
    },
    "report" : {
      "connectionTimeout" : 500,
      "dataSourceClass" : "org.postgresql.ds.PGSimpleDataSource",
      "maximumPoolSize" : 8,
      "numThreads" : 8,
      "properties" : {
        "databaseName" : "test",
        "password" : "123456",
        "portNumber" : 5432,
        "serverName" : "127.0.0.1",
        "user" : "postgres"
      }
    }
  },
  "http" : {
    "akka" : {
      "host" : "0.0.0.0",
      "port" : 10002
    },
    "main" : {
      "host" : "0.0.0.0",
      "port" : 10000
    }
  }
}
2020-05-19T15:35:22.216+08:00 INFO  c.z.h.HikariDataSource HikariPool-1 - Starting...
2020-05-19T15:35:22.388+08:00 INFO  c.z.h.HikariDataSource HikariPool-1 - Start completed.
2020-05-19T15:35:23.643+08:00 INFO  c.z.h.HikariDataSource HikariPool-2 - Starting...
2020-05-19T15:35:23.658+08:00 INFO  c.z.h.HikariDataSource HikariPool-2 - Start completed.
2020-05-19T15:35:23.873+08:00 DEBUG c.t.s.a.AkkaSSLConfig Initializing AkkaSSLConfig extension...
2020-05-19T15:35:23.874+08:00 DEBUG c.t.s.a.AkkaSSLConfig buildHostnameVerifier: created hostname verifier: com.typesafe.sslconfig.ssl.NoopHostnameVerifier@137d27c9
2020-05-19T15:35:24.249+08:00 DEBUG c.a.a.d.c.AkkaNodeDiscovererTyped received message: PublishSelf
2020-05-19T15:35:24.249+08:00 INFO  c.a.a.d.c.AkkaNodeDiscovererTyped Publish self Akka Address akka://simple-dev-1@127.0.1.1:46127
2020-05-19T15:35:24.876+08:00 INFO  o.h.b.c.n.NIO1SocketServerGroup Service bound to address /0:0:0:0:0:0:0:0:10000
2020-05-19T15:35:24.883+08:00 INFO  o.h.s.b.BlazeServerBuilder 





╔═╗╔╦╗╦ ╦  ╔╗ ┌─┐┌─┐┬┌─╔═╗┌┬┐┌─┐┌─┐┌─┐  ╔═╗┌─┐┬─┐┬  ┬┬┌─┐┌─┐
╠═╣ ║║╚╦╝  ╠╩╗├─┤│  ├┴┐╚═╗ │ ├─┤│ ┬├┤   ╚═╗├┤ ├┬┘└┐┌┘││  ├┤
╩ ╩═╩╝ ╩   ╚═╝┴ ┴└─┘┴ ┴╚═╝ ┴ ┴ ┴└─┘└─┘  ╚═╝└─┘┴└─ └┘ ┴└─┘└─┘







2020-05-19T15:35:24.905+08:00 INFO  c.a.a.d.c.AkkaNodeDiscovererTyped Waiting for other nodes for 2 seconds
2020-05-19T15:35:24.926+08:00 INFO  o.h.s.b.BlazeServerBuilder http4s v0.21.2 on blaze v0.14.11 started at http://[::]:10000/
2020-05-19T15:35:26.267+08:00 DEBUG c.a.a.d.c.AkkaNodeDiscovererTyped received message: Join
2020-05-19T15:35:26.292+08:00 INFO  c.a.a.d.c.AkkaNodeDiscovererTyped nodes: List(AkkaNode(simple-dev-1:0:ce98bda6-cf91-4057-80bf-ff1b517c19a4,simple-dev-1,127.0.1.1,127.0.1.1,46127,akka,0))
2020-05-19T15:35:26.295+08:00 INFO  c.a.a.d.c.AkkaNodeDiscovererTyped Joining cluster. Target nodes: List(AkkaNode(simple-dev-1:0:ce98bda6-cf91-4057-80bf-ff1b517c19a4,simple-dev-1,127.0.1.1,127.0.1.1,46127,akka,0))
2020-05-19T15:35:26.296+08:00 INFO  c.a.a.d.c.AkkaNodeDiscovererTyped Joining nodes: List(akka://simple-dev-1@127.0.1.1:46127)
2020-05-19T15:35:26.318+08:00 INFO  a.c.Cluster Cluster Node [akka://simple-dev-1@127.0.1.1:46127] - Node [akka://simple-dev-1@127.0.1.1:46127] is JOINING itself (with roles [dc-default]) and forming new cluster
2020-05-19T15:35:26.320+08:00 INFO  a.c.Cluster Cluster Node [akka://simple-dev-1@127.0.1.1:46127] - is the new leader among reachable nodes (more leaders may exist)
2020-05-19T15:35:26.327+08:00 INFO  a.c.Cluster Cluster Node [akka://simple-dev-1@127.0.1.1:46127] - Leader is moving node [akka://simple-dev-1@127.0.1.1:46127] to [Up]
2020-05-19T15:36:27.884+08:00 INFO  o.h.b.c.n.NIO1SocketServerGroup Accepted connection from /127.0.0.1:41294
2020-05-19T15:36:27.937+08:00 INFO  o.h.b.c.n.NIO1SocketServerGroup Accepted connection from /127.0.0.1:41292
2020-05-19T15:51:04.334+08:00 INFO  a.c.Cluster Cluster Node [akka://simple-dev-1@127.0.1.1:46127] - Received InitJoin message from [Actor[akka://simple-dev-1@127.0.1.1:41021/system/cluster/core/daemon/firstSeedNodeProcess-1#1521664833]] to [akka://simple-dev-1@127.0.1.1:46127]
2020-05-19T15:51:04.334+08:00 INFO  a.c.Cluster Cluster Node [akka://simple-dev-1@127.0.1.1:46127] - Sending InitJoinAck message from node [akka://simple-dev-1@127.0.1.1:46127] to [Actor[akka://simple-dev-1@127.0.1.1:41021/system/cluster/core/daemon/firstSeedNodeProcess-1#1521664833]] (version [2.6.5])
2020-05-19T15:51:04.506+08:00 INFO  a.c.Cluster Cluster Node [akka://simple-dev-1@127.0.1.1:46127] - Node [akka://simple-dev-1@127.0.1.1:41021] is JOINING, roles [dc-default]
2020-05-19T15:51:04.728+08:00 INFO  a.c.Cluster Cluster Node [akka://simple-dev-1@127.0.1.1:46127] - Leader is moving node [akka://simple-dev-1@127.0.1.1:41021] to [Up]
2020-05-19T15:51:05.748+08:00 INFO  a.c.Cluster Cluster Node [akka://simple-dev-1@127.0.1.1:46127] - is no longer leader
2020-05-19T15:59:26.054+08:00 INFO  a.e.s.Slf4jLogger Slf4jLogger started
2020-05-19T15:59:26.343+08:00 INFO  a.r.a.t.ArteryTcpTransport Remoting started with transport [Artery tcp]; listening on address [akka://simple-dev-1@127.0.1.1:33885] with UID [511129270149506264]
2020-05-19T15:59:26.359+08:00 INFO  a.c.Cluster Cluster Node [akka://simple-dev-1@127.0.1.1:33885] - Starting up, Akka version [2.6.5] ...
2020-05-19T15:59:26.411+08:00 INFO  a.c.Cluster Cluster Node [akka://simple-dev-1@127.0.1.1:33885] - Registered cluster JMX MBean [akka:type=Cluster]
2020-05-19T15:59:26.412+08:00 INFO  a.c.Cluster Cluster Node [akka://simple-dev-1@127.0.1.1:33885] - Started up successfully
2020-05-19T15:59:26.442+08:00 INFO  a.c.Cluster Cluster Node [akka://simple-dev-1@127.0.1.1:33885] - No downing-provider-class configured, manual cluster downing required, see https://doc.akka.io/docs/akka/current/typed/cluster.html#downing
2020-05-19T15:59:26.444+08:00 INFO  a.c.Cluster Cluster Node [akka://simple-dev-1@127.0.1.1:33885] - No seed-nodes configured, manual cluster join required, see https://doc.akka.io/docs/akka/current/typed/cluster.html#joining
2020-05-19T15:59:27.119+08:00 INFO  c.z.h.HikariDataSource HikariPool-1 - Starting...
2020-05-19T15:59:27.301+08:00 INFO  c.z.h.HikariDataSource HikariPool-1 - Start completed.
2020-05-19T15:59:28.359+08:00 INFO  c.z.h.HikariDataSource HikariPool-2 - Starting...
2020-05-19T15:59:28.373+08:00 INFO  c.z.h.HikariDataSource HikariPool-2 - Start completed.
2020-05-19T15:59:28.567+08:00 DEBUG c.t.s.a.AkkaSSLConfig Initializing AkkaSSLConfig extension...
2020-05-19T15:59:28.568+08:00 DEBUG c.t.s.a.AkkaSSLConfig buildHostnameVerifier: created hostname verifier: com.typesafe.sslconfig.ssl.NoopHostnameVerifier@cfdc4db
2020-05-19T15:59:28.886+08:00 ERROR a.i.TcpListener Bind failed for TCP channel on endpoint [/0.0.0.0:10002]
java.net.BindException: [/0.0.0.0:10002] 地址已在使用
	at sun.nio.ch.Net.bind0(Native Method)
	at sun.nio.ch.Net.bind(Net.java:433)
	at sun.nio.ch.Net.bind(Net.java:425)
	at sun.nio.ch.ServerSocketChannelImpl.bind(ServerSocketChannelImpl.java:223)
	at sun.nio.ch.ServerSocketAdaptor.bind(ServerSocketAdaptor.java:74)
	at akka.io.TcpListener.liftedTree1$1(TcpListener.scala:60)
	at akka.io.TcpListener.<init>(TcpListener.scala:57)
	at sun.reflect.NativeConstructorAccessorImpl.newInstance0(Native Method)
	at sun.reflect.NativeConstructorAccessorImpl.newInstance(NativeConstructorAccessorImpl.java:62)
	at sun.reflect.DelegatingConstructorAccessorImpl.newInstance(DelegatingConstructorAccessorImpl.java:45)
	at java.lang.reflect.Constructor.newInstance(Constructor.java:423)
	at akka.util.Reflect$.instantiate(Reflect.scala:70)
	at akka.actor.ArgsReflectConstructor.produce(IndirectActorProducer.scala:101)
	at akka.actor.Props.newActor(Props.scala:226)
	at akka.actor.ActorCell.newActor(ActorCell.scala:611)
	at akka.actor.ActorCell.create(ActorCell.scala:637)
	at akka.actor.ActorCell.invokeAll$1(ActorCell.scala:511)
	at akka.actor.ActorCell.systemInvoke(ActorCell.scala:533)
	at akka.dispatch.Mailbox.processAllSystemMessages(Mailbox.scala:295)
	at akka.dispatch.Mailbox.run(Mailbox.scala:230)
	at akka.dispatch.Mailbox.exec(Mailbox.scala:243)
	at java.util.concurrent.ForkJoinTask.doExec(ForkJoinTask.java:289)
	at java.util.concurrent.ForkJoinPool$WorkQueue.runTask(ForkJoinPool.java:1056)
	at java.util.concurrent.ForkJoinPool.runWorker(ForkJoinPool.java:1692)
	at java.util.concurrent.ForkJoinWorkerThread.run(ForkJoinWorkerThread.java:157)
2020-05-19T15:59:28.992+08:00 DEBUG c.a.a.d.c.AkkaNodeDiscovererTyped received message: PublishSelf
2020-05-19T15:59:28.993+08:00 INFO  c.a.a.d.c.AkkaNodeDiscovererTyped Publish self Akka Address akka://simple-dev-1@127.0.1.1:33885
2020-05-19T15:59:29.432+08:00 INFO  o.h.b.c.n.SelectorLoop Shutting down SelectorLoop blaze-selector-0
2020-05-19T15:59:29.433+08:00 INFO  o.h.b.c.n.SelectorLoop Shutting down SelectorLoop blaze-selector-1
2020-05-19T15:59:29.436+08:00 INFO  o.h.b.c.n.SelectorLoop Shutting down SelectorLoop blaze-selector-2
2020-05-19T15:59:29.436+08:00 INFO  o.h.b.c.n.SelectorLoop Shutting down SelectorLoop blaze-selector-3
2020-05-19T15:59:29.437+08:00 INFO  o.h.b.c.n.SelectorLoop Shutting down SelectorLoop blaze-selector-4
2020-05-19T15:59:29.448+08:00 INFO  c.z.h.HikariDataSource HikariPool-2 - Shutdown initiated...
2020-05-19T15:59:29.497+08:00 INFO  c.a.a.d.c.AkkaNodeDiscovererTyped Waiting for other nodes for 2 seconds
2020-05-19T15:59:29.506+08:00 INFO  c.z.h.HikariDataSource HikariPool-2 - Shutdown completed.
2020-05-19T15:59:29.507+08:00 INFO  c.z.h.HikariDataSource HikariPool-1 - Shutdown initiated...
2020-05-19T15:59:29.534+08:00 INFO  c.z.h.HikariDataSource HikariPool-1 - Shutdown completed.
2020-05-19T15:59:31.000+08:00 DEBUG c.a.a.d.c.AkkaNodeDiscovererTyped received message: Join
2020-05-19T15:59:31.050+08:00 INFO  c.a.a.d.c.AkkaNodeDiscovererTyped nodes: List(AkkaNode(simple-dev-1:0:163befe9-e02c-4a5d-9077-7d1ee40dcab2,simple-dev-1,127.0.1.1,127.0.1.1,46433,akka,0), AkkaNode(simple-dev-1:0:db9d640b-ac5d-4ed8-8b32-dcae711fdb96,simple-dev-1,127.0.1.1,127.0.1.1,33885,akka,0))
2020-05-19T15:59:31.053+08:00 INFO  c.a.a.d.c.AkkaNodeDiscovererTyped Joining cluster. Target nodes: List(AkkaNode(simple-dev-1:0:163befe9-e02c-4a5d-9077-7d1ee40dcab2,simple-dev-1,127.0.1.1,127.0.1.1,46433,akka,0), AkkaNode(simple-dev-1:0:db9d640b-ac5d-4ed8-8b32-dcae711fdb96,simple-dev-1,127.0.1.1,127.0.1.1,33885,akka,0))
2020-05-19T15:59:31.062+08:00 INFO  c.a.a.d.c.AkkaNodeDiscovererTyped Joining nodes: List(akka://simple-dev-1@127.0.1.1:46433, akka://simple-dev-1@127.0.1.1:33885)
2020-05-19T15:59:31.510+08:00 INFO  a.c.Cluster Cluster Node [akka://simple-dev-1@127.0.1.1:33885] - Received InitJoinAck message from [Actor[akka://simple-dev-1@127.0.1.1:46433/system/cluster/core/daemon#-279579333]] to [akka://simple-dev-1@127.0.1.1:33885]
2020-05-19T15:59:31.672+08:00 INFO  a.c.Cluster Cluster Node [akka://simple-dev-1@127.0.1.1:33885] - Welcome from [akka://simple-dev-1@127.0.1.1:46433]
2020-05-19T15:59:32.531+08:00 INFO  a.c.Cluster Cluster Node [akka://simple-dev-1@127.0.1.1:33885] - is the new leader among reachable nodes (more leaders may exist)
